<?xml version="1.0" encoding="UTF-8"?>
<!-- Generated by org.testng.reporters.JUnitReportReporter -->
<testsuite hostname="SRIKANTHREDDY" failures="0" tests="1" name="AutomationProject.AutomationFramework.Selenium" time="61.388" errors="0" timestamp="2021-02-28T19:21:57 IST" skipped="0">
  <testcase classname="AutomationProject.AutomationFramework.Selenium" name="launchBrowser" time="61.388"/>
  <system-out/>
</testsuite> <!-- AutomationProject.AutomationFramework.Selenium -->
